<?xml version="1.0" encoding="UTF-8"?>
<!-- Generated by org.testng.reporters.JUnitReportReporter -->
<testsuite skipped="0" hostname="INAIRLT541246" name="com.test.TestProject.WebTable" tests="1" failures="0" timestamp="05 Jan 2021 04:07:39 GMT" time="75.465" errors="0">
  <testcase name="webTableTest" time="75.465" classname="com.test.TestProject.WebTable"/>
</testsuite> <!-- com.test.TestProject.WebTable -->
